{"I:\\ICogLabs\\book-reservation-backend-training\\app.js": {"path":"I:\\ICogLabs\\book-reservation-backend-training\\app.js","statementMap":{"0":{"start":{"line":1,"column":16},"end":{"line":1,"column":34}},"1":{"start":{"line":2,"column":17},"end":{"line":2,"column":36}},"2":{"start":{"line":3,"column":13},"end":{"line":3,"column":28}},"3":{"start":{"line":4,"column":15},"end":{"line":4,"column":43}},"4":{"start":{"line":5,"column":27},"end":{"line":5,"column":60}},"5":{"start":{"line":7,"column":19},"end":{"line":7,"column":43}},"6":{"start":{"line":8,"column":19},"end":{"line":8,"column":44}},"7":{"start":{"line":9,"column":19},"end":{"line":9,"column":44}},"8":{"start":{"line":10,"column":26},"end":{"line":10,"column":58}},"9":{"start":{"line":13,"column":12},"end":{"line":13,"column":21}},"10":{"start":{"line":16,"column":0},"end":{"line":16,"column":16}},"11":{"start":{"line":17,"column":0},"end":{"line":17,"column":24}},"12":{"start":{"line":20,"column":0},"end":{"line":23,"column":70}},"13":{"start":{"line":22,"column":14},"end":{"line":22,"column":49}},"14":{"start":{"line":23,"column":18},"end":{"line":23,"column":68}},"15":{"start":{"line":26,"column":0},"end":{"line":26,"column":33}},"16":{"start":{"line":27,"column":0},"end":{"line":27,"column":34}},"17":{"start":{"line":28,"column":0},"end":{"line":28,"column":34}},"18":{"start":{"line":29,"column":0},"end":{"line":29,"column":48}},"19":{"start":{"line":30,"column":0},"end":{"line":30,"column":50}},"20":{"start":{"line":37,"column":0},"end":{"line":40,"column":1}},"21":{"start":{"line":38,"column":15},"end":{"line":38,"column":39}},"22":{"start":{"line":39,"column":2},"end":{"line":39,"column":72}},"23":{"start":{"line":39,"column":25},"end":{"line":39,"column":70}},"24":{"start":{"line":42,"column":0},"end":{"line":42,"column":21}}},"fnMap":{"0":{"name":"(anonymous_0)","decl":{"start":{"line":22,"column":8},"end":{"line":22,"column":9}},"loc":{"start":{"line":22,"column":14},"end":{"line":22,"column":49}},"line":22},"1":{"name":"(anonymous_1)","decl":{"start":{"line":23,"column":9},"end":{"line":23,"column":10}},"loc":{"start":{"line":23,"column":18},"end":{"line":23,"column":68}},"line":23},"2":{"name":"(anonymous_2)","decl":{"start":{"line":39,"column":19},"end":{"line":39,"column":20}},"loc":{"start":{"line":39,"column":25},"end":{"line":39,"column":70}},"line":39}},"branchMap":{"0":{"loc":{"start":{"line":37,"column":0},"end":{"line":40,"column":1}},"type":"if","locations":[{"start":{"line":37,"column":0},"end":{"line":40,"column":1}},{"start":{},"end":{}}],"line":37},"1":{"loc":{"start":{"line":38,"column":15},"end":{"line":38,"column":39}},"type":"binary-expr","locations":[{"start":{"line":38,"column":15},"end":{"line":38,"column":31}},{"start":{"line":38,"column":35},"end":{"line":38,"column":39}}],"line":38}},"s":{"0":1,"1":1,"2":1,"3":1,"4":1,"5":1,"6":1,"7":1,"8":1,"9":1,"10":1,"11":1,"12":1,"13":0,"14":0,"15":1,"16":1,"17":1,"18":1,"19":1,"20":1,"21":0,"22":0,"23":0,"24":1},"f":{"0":0,"1":0,"2":0},"b":{"0":[0,1],"1":[0,0]},"_coverageSchema":"1a1c01bbd47fc00a2c39e90264f33305004495a9","hash":"2927c6567333f15dcff0e3125b538f1699183fb3"}
,"I:\\ICogLabs\\book-reservation-backend-training\\config\\database.js": {"path":"I:\\ICogLabs\\book-reservation-backend-training\\config\\database.js","statementMap":{"0":{"start":{"line":1,"column":0},"end":{"line":4,"column":4}}},"fnMap":{},"branchMap":{},"s":{"0":1},"f":{},"b":{},"_coverageSchema":"1a1c01bbd47fc00a2c39e90264f33305004495a9","hash":"1904ef2dedbc20b792ccfd54fef95506e28dfc22"}
,"I:\\ICogLabs\\book-reservation-backend-training\\controllers\\authController.js": {"path":"I:\\ICogLabs\\book-reservation-backend-training\\controllers\\authController.js","statementMap":{"0":{"start":{"line":1,"column":15},"end":{"line":1,"column":34}},"1":{"start":{"line":2,"column":12},"end":{"line":2,"column":35}},"2":{"start":{"line":3,"column":13},"end":{"line":3,"column":38}},"3":{"start":{"line":4,"column":15},"end":{"line":4,"column":44}},"4":{"start":{"line":5,"column":25},"end":{"line":5,"column":62}},"5":{"start":{"line":7,"column":0},"end":{"line":29,"column":2}},"6":{"start":{"line":8,"column":2},"end":{"line":28,"column":3}},"7":{"start":{"line":9,"column":51},"end":{"line":9,"column":59}},"8":{"start":{"line":10,"column":15},"end":{"line":10,"column":44}},"9":{"start":{"line":11,"column":4},"end":{"line":13,"column":5}},"10":{"start":{"line":12,"column":6},"end":{"line":12,"column":70}},"11":{"start":{"line":14,"column":4},"end":{"line":14,"column":79}},"12":{"start":{"line":15,"column":4},"end":{"line":15,"column":22}},"13":{"start":{"line":18,"column":4},"end":{"line":18,"column":72}},"14":{"start":{"line":20,"column":20},"end":{"line":20,"column":45}},"15":{"start":{"line":21,"column":4},"end":{"line":24,"column":7}},"16":{"start":{"line":22,"column":6},"end":{"line":22,"column":25}},"17":{"start":{"line":22,"column":15},"end":{"line":22,"column":25}},"18":{"start":{"line":23,"column":6},"end":{"line":23,"column":43}},"19":{"start":{"line":26,"column":4},"end":{"line":26,"column":31}},"20":{"start":{"line":27,"column":4},"end":{"line":27,"column":41}},"21":{"start":{"line":31,"column":0},"end":{"line":61,"column":2}},"22":{"start":{"line":32,"column":2},"end":{"line":60,"column":3}},"23":{"start":{"line":33,"column":32},"end":{"line":33,"column":40}},"24":{"start":{"line":34,"column":15},"end":{"line":34,"column":44}},"25":{"start":{"line":35,"column":4},"end":{"line":37,"column":5}},"26":{"start":{"line":36,"column":6},"end":{"line":36,"column":70}},"27":{"start":{"line":38,"column":20},"end":{"line":38,"column":65}},"28":{"start":{"line":39,"column":4},"end":{"line":41,"column":5}},"29":{"start":{"line":40,"column":6},"end":{"line":40,"column":70}},"30":{"start":{"line":42,"column":4},"end":{"line":46,"column":5}},"31":{"start":{"line":43,"column":6},"end":{"line":45,"column":63}},"32":{"start":{"line":47,"column":20},"end":{"line":52,"column":5}},"33":{"start":{"line":53,"column":4},"end":{"line":56,"column":7}},"34":{"start":{"line":54,"column":6},"end":{"line":54,"column":25}},"35":{"start":{"line":54,"column":15},"end":{"line":54,"column":25}},"36":{"start":{"line":55,"column":6},"end":{"line":55,"column":49}},"37":{"start":{"line":58,"column":4},"end":{"line":58,"column":31}},"38":{"start":{"line":59,"column":4},"end":{"line":59,"column":41}}},"fnMap":{"0":{"name":"(anonymous_0)","decl":{"start":{"line":7,"column":19},"end":{"line":7,"column":20}},"loc":{"start":{"line":7,"column":39},"end":{"line":29,"column":1}},"line":7},"1":{"name":"(anonymous_1)","decl":{"start":{"line":21,"column":58},"end":{"line":21,"column":59}},"loc":{"start":{"line":21,"column":74},"end":{"line":24,"column":5}},"line":21},"2":{"name":"(anonymous_2)","decl":{"start":{"line":31,"column":16},"end":{"line":31,"column":17}},"loc":{"start":{"line":31,"column":36},"end":{"line":61,"column":1}},"line":31},"3":{"name":"(anonymous_3)","decl":{"start":{"line":53,"column":58},"end":{"line":53,"column":59}},"loc":{"start":{"line":53,"column":74},"end":{"line":56,"column":5}},"line":53}},"branchMap":{"0":{"loc":{"start":{"line":11,"column":4},"end":{"line":13,"column":5}},"type":"if","locations":[{"start":{"line":11,"column":4},"end":{"line":13,"column":5}},{"start":{},"end":{}}],"line":11},"1":{"loc":{"start":{"line":22,"column":6},"end":{"line":22,"column":25}},"type":"if","locations":[{"start":{"line":22,"column":6},"end":{"line":22,"column":25}},{"start":{},"end":{}}],"line":22},"2":{"loc":{"start":{"line":35,"column":4},"end":{"line":37,"column":5}},"type":"if","locations":[{"start":{"line":35,"column":4},"end":{"line":37,"column":5}},{"start":{},"end":{}}],"line":35},"3":{"loc":{"start":{"line":39,"column":4},"end":{"line":41,"column":5}},"type":"if","locations":[{"start":{"line":39,"column":4},"end":{"line":41,"column":5}},{"start":{},"end":{}}],"line":39},"4":{"loc":{"start":{"line":42,"column":4},"end":{"line":46,"column":5}},"type":"if","locations":[{"start":{"line":42,"column":4},"end":{"line":46,"column":5}},{"start":{},"end":{}}],"line":42},"5":{"loc":{"start":{"line":54,"column":6},"end":{"line":54,"column":25}},"type":"if","locations":[{"start":{"line":54,"column":6},"end":{"line":54,"column":25}},{"start":{},"end":{}}],"line":54}},"s":{"0":1,"1":1,"2":1,"3":1,"4":1,"5":1,"6":0,"7":0,"8":0,"9":0,"10":0,"11":0,"12":0,"13":0,"14":0,"15":0,"16":0,"17":0,"18":0,"19":0,"20":0,"21":1,"22":0,"23":0,"24":0,"25":0,"26":0,"27":0,"28":0,"29":0,"30":0,"31":0,"32":0,"33":0,"34":0,"35":0,"36":0,"37":0,"38":0},"f":{"0":0,"1":0,"2":0,"3":0},"b":{"0":[0,0],"1":[0,0],"2":[0,0],"3":[0,0],"4":[0,0],"5":[0,0]},"_coverageSchema":"1a1c01bbd47fc00a2c39e90264f33305004495a9","hash":"e1c53d4ed7c46dcb724a3b449f4f12d410a2ed5d"}
,"I:\\ICogLabs\\book-reservation-backend-training\\controllers\\bookController.js": {"path":"I:\\ICogLabs\\book-reservation-backend-training\\controllers\\bookController.js","statementMap":{"0":{"start":{"line":1,"column":13},"end":{"line":1,"column":38}},"1":{"start":{"line":3,"column":0},"end":{"line":11,"column":2}},"2":{"start":{"line":4,"column":2},"end":{"line":10,"column":3}},"3":{"start":{"line":5,"column":18},"end":{"line":5,"column":35}},"4":{"start":{"line":6,"column":4},"end":{"line":6,"column":20}},"5":{"start":{"line":8,"column":4},"end":{"line":8,"column":31}},"6":{"start":{"line":9,"column":4},"end":{"line":9,"column":41}},"7":{"start":{"line":13,"column":0},"end":{"line":24,"column":2}},"8":{"start":{"line":14,"column":2},"end":{"line":23,"column":3}},"9":{"start":{"line":15,"column":17},"end":{"line":15,"column":51}},"10":{"start":{"line":16,"column":4},"end":{"line":18,"column":5}},"11":{"start":{"line":17,"column":6},"end":{"line":17,"column":65}},"12":{"start":{"line":19,"column":4},"end":{"line":19,"column":19}},"13":{"start":{"line":21,"column":4},"end":{"line":21,"column":31}},"14":{"start":{"line":22,"column":4},"end":{"line":22,"column":41}},"15":{"start":{"line":26,"column":0},"end":{"line":41,"column":2}},"16":{"start":{"line":27,"column":2},"end":{"line":40,"column":3}},"17":{"start":{"line":28,"column":60},"end":{"line":28,"column":68}},"18":{"start":{"line":29,"column":20},"end":{"line":34,"column":6}},"19":{"start":{"line":35,"column":17},"end":{"line":35,"column":37}},"20":{"start":{"line":36,"column":4},"end":{"line":36,"column":19}},"21":{"start":{"line":38,"column":4},"end":{"line":38,"column":31}},"22":{"start":{"line":39,"column":4},"end":{"line":39,"column":41}},"23":{"start":{"line":43,"column":0},"end":{"line":60,"column":2}},"24":{"start":{"line":44,"column":2},"end":{"line":59,"column":3}},"25":{"start":{"line":45,"column":60},"end":{"line":45,"column":68}},"26":{"start":{"line":46,"column":15},"end":{"line":46,"column":49}},"27":{"start":{"line":47,"column":4},"end":{"line":49,"column":5}},"28":{"start":{"line":48,"column":6},"end":{"line":48,"column":65}},"29":{"start":{"line":50,"column":4},"end":{"line":50,"column":37}},"30":{"start":{"line":51,"column":4},"end":{"line":51,"column":40}},"31":{"start":{"line":52,"column":4},"end":{"line":52,"column":67}},"32":{"start":{"line":53,"column":4},"end":{"line":53,"column":55}},"33":{"start":{"line":54,"column":4},"end":{"line":54,"column":22}},"34":{"start":{"line":55,"column":4},"end":{"line":55,"column":19}},"35":{"start":{"line":57,"column":4},"end":{"line":57,"column":31}},"36":{"start":{"line":58,"column":4},"end":{"line":58,"column":41}}},"fnMap":{"0":{"name":"(anonymous_0)","decl":{"start":{"line":3,"column":19},"end":{"line":3,"column":20}},"loc":{"start":{"line":3,"column":39},"end":{"line":11,"column":1}},"line":3},"1":{"name":"(anonymous_1)","decl":{"start":{"line":13,"column":18},"end":{"line":13,"column":19}},"loc":{"start":{"line":13,"column":38},"end":{"line":24,"column":1}},"line":13},"2":{"name":"(anonymous_2)","decl":{"start":{"line":26,"column":18},"end":{"line":26,"column":19}},"loc":{"start":{"line":26,"column":38},"end":{"line":41,"column":1}},"line":26},"3":{"name":"(anonymous_3)","decl":{"start":{"line":43,"column":21},"end":{"line":43,"column":22}},"loc":{"start":{"line":43,"column":41},"end":{"line":60,"column":1}},"line":43}},"branchMap":{"0":{"loc":{"start":{"line":16,"column":4},"end":{"line":18,"column":5}},"type":"if","locations":[{"start":{"line":16,"column":4},"end":{"line":18,"column":5}},{"start":{},"end":{}}],"line":16},"1":{"loc":{"start":{"line":47,"column":4},"end":{"line":49,"column":5}},"type":"if","locations":[{"start":{"line":47,"column":4},"end":{"line":49,"column":5}},{"start":{},"end":{}}],"line":47},"2":{"loc":{"start":{"line":50,"column":17},"end":{"line":50,"column":36}},"type":"binary-expr","locations":[{"start":{"line":50,"column":17},"end":{"line":50,"column":22}},{"start":{"line":50,"column":26},"end":{"line":50,"column":36}}],"line":50},"3":{"loc":{"start":{"line":51,"column":18},"end":{"line":51,"column":39}},"type":"binary-expr","locations":[{"start":{"line":51,"column":18},"end":{"line":51,"column":24}},{"start":{"line":51,"column":28},"end":{"line":51,"column":39}}],"line":51},"4":{"loc":{"start":{"line":52,"column":27},"end":{"line":52,"column":66}},"type":"binary-expr","locations":[{"start":{"line":52,"column":27},"end":{"line":52,"column":42}},{"start":{"line":52,"column":46},"end":{"line":52,"column":66}}],"line":52},"5":{"loc":{"start":{"line":53,"column":23},"end":{"line":53,"column":54}},"type":"binary-expr","locations":[{"start":{"line":53,"column":23},"end":{"line":53,"column":34}},{"start":{"line":53,"column":38},"end":{"line":53,"column":54}}],"line":53}},"s":{"0":1,"1":1,"2":0,"3":0,"4":0,"5":0,"6":0,"7":1,"8":0,"9":0,"10":0,"11":0,"12":0,"13":0,"14":0,"15":1,"16":0,"17":0,"18":0,"19":0,"20":0,"21":0,"22":0,"23":1,"24":0,"25":0,"26":0,"27":0,"28":0,"29":0,"30":0,"31":0,"32":0,"33":0,"34":0,"35":0,"36":0},"f":{"0":0,"1":0,"2":0,"3":0},"b":{"0":[0,0],"1":[0,0],"2":[0,0],"3":[0,0],"4":[0,0],"5":[0,0]},"_coverageSchema":"1a1c01bbd47fc00a2c39e90264f33305004495a9","hash":"2489d7c732a7dbe7ab91d503ed6fb3e113b064e6"}
,"I:\\ICogLabs\\book-reservation-backend-training\\controllers\\notificationController.js": {"path":"I:\\ICogLabs\\book-reservation-backend-training\\controllers\\notificationController.js","statementMap":{"0":{"start":{"line":1,"column":21},"end":{"line":1,"column":54}},"1":{"start":{"line":3,"column":0},"end":{"line":14,"column":2}},"2":{"start":{"line":4,"column":2},"end":{"line":13,"column":3}},"3":{"start":{"line":5,"column":25},"end":{"line":9,"column":6}},"4":{"start":{"line":10,"column":4},"end":{"line":10,"column":30}},"5":{"start":{"line":12,"column":4},"end":{"line":12,"column":55}},"6":{"start":{"line":16,"column":0},"end":{"line":24,"column":2}},"7":{"start":{"line":17,"column":2},"end":{"line":23,"column":3}},"8":{"start":{"line":18,"column":26},"end":{"line":18,"column":96}},"9":{"start":{"line":19,"column":4},"end":{"line":19,"column":28}},"10":{"start":{"line":21,"column":4},"end":{"line":21,"column":31}},"11":{"start":{"line":22,"column":4},"end":{"line":22,"column":41}}},"fnMap":{"0":{"name":"(anonymous_0)","decl":{"start":{"line":3,"column":29},"end":{"line":3,"column":30}},"loc":{"start":{"line":3,"column":62},"end":{"line":14,"column":1}},"line":3},"1":{"name":"(anonymous_1)","decl":{"start":{"line":16,"column":27},"end":{"line":16,"column":28}},"loc":{"start":{"line":16,"column":47},"end":{"line":24,"column":1}},"line":16}},"branchMap":{},"s":{"0":1,"1":1,"2":0,"3":0,"4":0,"5":0,"6":1,"7":0,"8":0,"9":0,"10":0,"11":0},"f":{"0":0,"1":0},"b":{},"_coverageSchema":"1a1c01bbd47fc00a2c39e90264f33305004495a9","hash":"ebdf0709c95bf268fd04946584880705059224e8"}
,"I:\\ICogLabs\\book-reservation-backend-training\\controllers\\reservationController.js": {"path":"I:\\ICogLabs\\book-reservation-backend-training\\controllers\\reservationController.js","statementMap":{"0":{"start":{"line":1,"column":20},"end":{"line":1,"column":52}},"1":{"start":{"line":2,"column":13},"end":{"line":2,"column":38}},"2":{"start":{"line":6,"column":4},"end":{"line":6,"column":41}},"3":{"start":{"line":8,"column":0},"end":{"line":35,"column":2}},"4":{"start":{"line":9,"column":2},"end":{"line":34,"column":3}},"5":{"start":{"line":10,"column":43},"end":{"line":10,"column":51}},"6":{"start":{"line":11,"column":17},"end":{"line":11,"column":44}},"7":{"start":{"line":12,"column":4},"end":{"line":14,"column":5}},"8":{"start":{"line":13,"column":6},"end":{"line":13,"column":65}},"9":{"start":{"line":15,"column":27},"end":{"line":21,"column":6}},"10":{"start":{"line":22,"column":24},"end":{"line":22,"column":51}},"11":{"start":{"line":25,"column":4},"end":{"line":28,"column":6}},"12":{"start":{"line":30,"column":4},"end":{"line":30,"column":26}},"13":{"start":{"line":32,"column":4},"end":{"line":32,"column":31}},"14":{"start":{"line":33,"column":4},"end":{"line":33,"column":41}},"15":{"start":{"line":37,"column":0},"end":{"line":63,"column":2}},"16":{"start":{"line":38,"column":2},"end":{"line":62,"column":3}},"17":{"start":{"line":39,"column":23},"end":{"line":39,"column":31}},"18":{"start":{"line":40,"column":24},"end":{"line":43,"column":5}},"19":{"start":{"line":44,"column":4},"end":{"line":46,"column":5}},"20":{"start":{"line":45,"column":6},"end":{"line":45,"column":72}},"21":{"start":{"line":48,"column":4},"end":{"line":48,"column":32}},"22":{"start":{"line":49,"column":4},"end":{"line":49,"column":29}},"23":{"start":{"line":52,"column":4},"end":{"line":56,"column":6}},"24":{"start":{"line":58,"column":4},"end":{"line":58,"column":26}},"25":{"start":{"line":60,"column":4},"end":{"line":60,"column":31}},"26":{"start":{"line":61,"column":4},"end":{"line":61,"column":41}},"27":{"start":{"line":65,"column":0},"end":{"line":75,"column":2}},"28":{"start":{"line":66,"column":2},"end":{"line":74,"column":3}},"29":{"start":{"line":67,"column":25},"end":{"line":69,"column":32}},"30":{"start":{"line":70,"column":4},"end":{"line":70,"column":27}},"31":{"start":{"line":72,"column":4},"end":{"line":72,"column":31}},"32":{"start":{"line":73,"column":4},"end":{"line":73,"column":41}},"33":{"start":{"line":77,"column":0},"end":{"line":95,"column":2}},"34":{"start":{"line":78,"column":2},"end":{"line":94,"column":3}},"35":{"start":{"line":79,"column":24},"end":{"line":81,"column":32}},"36":{"start":{"line":82,"column":4},"end":{"line":84,"column":5}},"37":{"start":{"line":83,"column":6},"end":{"line":83,"column":72}},"38":{"start":{"line":85,"column":4},"end":{"line":89,"column":5}},"39":{"start":{"line":86,"column":6},"end":{"line":88,"column":70}},"40":{"start":{"line":90,"column":4},"end":{"line":90,"column":26}},"41":{"start":{"line":92,"column":4},"end":{"line":92,"column":31}},"42":{"start":{"line":93,"column":4},"end":{"line":93,"column":41}}},"fnMap":{"0":{"name":"(anonymous_0)","decl":{"start":{"line":8,"column":28},"end":{"line":8,"column":29}},"loc":{"start":{"line":8,"column":48},"end":{"line":35,"column":1}},"line":8},"1":{"name":"(anonymous_1)","decl":{"start":{"line":37,"column":34},"end":{"line":37,"column":35}},"loc":{"start":{"line":37,"column":54},"end":{"line":63,"column":1}},"line":37},"2":{"name":"(anonymous_2)","decl":{"start":{"line":65,"column":26},"end":{"line":65,"column":27}},"loc":{"start":{"line":65,"column":46},"end":{"line":75,"column":1}},"line":65},"3":{"name":"(anonymous_3)","decl":{"start":{"line":77,"column":25},"end":{"line":77,"column":26}},"loc":{"start":{"line":77,"column":45},"end":{"line":95,"column":1}},"line":77}},"branchMap":{"0":{"loc":{"start":{"line":12,"column":4},"end":{"line":14,"column":5}},"type":"if","locations":[{"start":{"line":12,"column":4},"end":{"line":14,"column":5}},{"start":{},"end":{}}],"line":12},"1":{"loc":{"start":{"line":44,"column":4},"end":{"line":46,"column":5}},"type":"if","locations":[{"start":{"line":44,"column":4},"end":{"line":46,"column":5}},{"start":{},"end":{}}],"line":44},"2":{"loc":{"start":{"line":82,"column":4},"end":{"line":84,"column":5}},"type":"if","locations":[{"start":{"line":82,"column":4},"end":{"line":84,"column":5}},{"start":{},"end":{}}],"line":82},"3":{"loc":{"start":{"line":85,"column":4},"end":{"line":89,"column":5}},"type":"if","locations":[{"start":{"line":85,"column":4},"end":{"line":89,"column":5}},{"start":{},"end":{}}],"line":85},"4":{"loc":{"start":{"line":85,"column":8},"end":{"line":85,"column":76}},"type":"binary-expr","locations":[{"start":{"line":85,"column":8},"end":{"line":85,"column":55}},{"start":{"line":85,"column":59},"end":{"line":85,"column":76}}],"line":85}},"s":{"0":1,"1":1,"2":1,"3":1,"4":0,"5":0,"6":0,"7":0,"8":0,"9":0,"10":0,"11":0,"12":0,"13":0,"14":0,"15":1,"16":0,"17":0,"18":0,"19":0,"20":0,"21":0,"22":0,"23":0,"24":0,"25":0,"26":0,"27":1,"28":0,"29":0,"30":0,"31":0,"32":0,"33":1,"34":0,"35":0,"36":0,"37":0,"38":0,"39":0,"40":0,"41":0,"42":0},"f":{"0":0,"1":0,"2":0,"3":0},"b":{"0":[0,0],"1":[0,0],"2":[0,0],"3":[0,0],"4":[0,0]},"_coverageSchema":"1a1c01bbd47fc00a2c39e90264f33305004495a9","hash":"f567c882b466737b92f75be4a36f67f1c7fdd7b0"}
,"I:\\ICogLabs\\book-reservation-backend-training\\controllers\\userController.js": {"path":"I:\\ICogLabs\\book-reservation-backend-training\\controllers\\userController.js","statementMap":{"0":{"start":{"line":1,"column":13},"end":{"line":1,"column":38}},"1":{"start":{"line":3,"column":0},"end":{"line":14,"column":2}},"2":{"start":{"line":4,"column":2},"end":{"line":13,"column":3}},"3":{"start":{"line":5,"column":17},"end":{"line":5,"column":71}},"4":{"start":{"line":6,"column":4},"end":{"line":8,"column":5}},"5":{"start":{"line":7,"column":6},"end":{"line":7,"column":65}},"6":{"start":{"line":9,"column":4},"end":{"line":9,"column":19}},"7":{"start":{"line":11,"column":4},"end":{"line":11,"column":31}},"8":{"start":{"line":12,"column":4},"end":{"line":12,"column":41}},"9":{"start":{"line":16,"column":0},"end":{"line":36,"column":2}},"10":{"start":{"line":17,"column":2},"end":{"line":35,"column":3}},"11":{"start":{"line":18,"column":34},"end":{"line":18,"column":42}},"12":{"start":{"line":19,"column":17},"end":{"line":19,"column":51}},"13":{"start":{"line":20,"column":4},"end":{"line":22,"column":5}},"14":{"start":{"line":21,"column":6},"end":{"line":21,"column":65}},"15":{"start":{"line":23,"column":4},"end":{"line":27,"column":5}},"16":{"start":{"line":24,"column":6},"end":{"line":26,"column":65}},"17":{"start":{"line":28,"column":4},"end":{"line":28,"column":34}},"18":{"start":{"line":29,"column":4},"end":{"line":29,"column":55}},"19":{"start":{"line":30,"column":4},"end":{"line":30,"column":22}},"20":{"start":{"line":31,"column":4},"end":{"line":31,"column":19}},"21":{"start":{"line":33,"column":4},"end":{"line":33,"column":31}},"22":{"start":{"line":34,"column":4},"end":{"line":34,"column":41}},"23":{"start":{"line":38,"column":0},"end":{"line":51,"column":2}},"24":{"start":{"line":39,"column":2},"end":{"line":50,"column":3}},"25":{"start":{"line":40,"column":17},"end":{"line":40,"column":51}},"26":{"start":{"line":41,"column":4},"end":{"line":43,"column":5}},"27":{"start":{"line":42,"column":6},"end":{"line":42,"column":65}},"28":{"start":{"line":44,"column":4},"end":{"line":44,"column":27}},"29":{"start":{"line":45,"column":4},"end":{"line":45,"column":22}},"30":{"start":{"line":46,"column":4},"end":{"line":46,"column":56}},"31":{"start":{"line":48,"column":4},"end":{"line":48,"column":31}},"32":{"start":{"line":49,"column":4},"end":{"line":49,"column":41}},"33":{"start":{"line":53,"column":0},"end":{"line":61,"column":2}},"34":{"start":{"line":54,"column":2},"end":{"line":60,"column":3}},"35":{"start":{"line":55,"column":18},"end":{"line":55,"column":55}},"36":{"start":{"line":56,"column":4},"end":{"line":56,"column":20}},"37":{"start":{"line":58,"column":4},"end":{"line":58,"column":31}},"38":{"start":{"line":59,"column":4},"end":{"line":59,"column":41}}},"fnMap":{"0":{"name":"(anonymous_0)","decl":{"start":{"line":3,"column":18},"end":{"line":3,"column":19}},"loc":{"start":{"line":3,"column":38},"end":{"line":14,"column":1}},"line":3},"1":{"name":"(anonymous_1)","decl":{"start":{"line":16,"column":21},"end":{"line":16,"column":22}},"loc":{"start":{"line":16,"column":41},"end":{"line":36,"column":1}},"line":16},"2":{"name":"(anonymous_2)","decl":{"start":{"line":38,"column":22},"end":{"line":38,"column":23}},"loc":{"start":{"line":38,"column":42},"end":{"line":51,"column":1}},"line":38},"3":{"name":"(anonymous_3)","decl":{"start":{"line":53,"column":22},"end":{"line":53,"column":23}},"loc":{"start":{"line":53,"column":42},"end":{"line":61,"column":1}},"line":53}},"branchMap":{"0":{"loc":{"start":{"line":6,"column":4},"end":{"line":8,"column":5}},"type":"if","locations":[{"start":{"line":6,"column":4},"end":{"line":8,"column":5}},{"start":{},"end":{}}],"line":6},"1":{"loc":{"start":{"line":20,"column":4},"end":{"line":22,"column":5}},"type":"if","locations":[{"start":{"line":20,"column":4},"end":{"line":22,"column":5}},{"start":{},"end":{}}],"line":20},"2":{"loc":{"start":{"line":23,"column":4},"end":{"line":27,"column":5}},"type":"if","locations":[{"start":{"line":23,"column":4},"end":{"line":27,"column":5}},{"start":{},"end":{}}],"line":23},"3":{"loc":{"start":{"line":28,"column":16},"end":{"line":28,"column":33}},"type":"binary-expr","locations":[{"start":{"line":28,"column":16},"end":{"line":28,"column":20}},{"start":{"line":28,"column":24},"end":{"line":28,"column":33}}],"line":28},"4":{"loc":{"start":{"line":29,"column":23},"end":{"line":29,"column":54}},"type":"binary-expr","locations":[{"start":{"line":29,"column":23},"end":{"line":29,"column":34}},{"start":{"line":29,"column":38},"end":{"line":29,"column":54}}],"line":29},"5":{"loc":{"start":{"line":41,"column":4},"end":{"line":43,"column":5}},"type":"if","locations":[{"start":{"line":41,"column":4},"end":{"line":43,"column":5}},{"start":{},"end":{}}],"line":41}},"s":{"0":1,"1":1,"2":0,"3":0,"4":0,"5":0,"6":0,"7":0,"8":0,"9":1,"10":0,"11":0,"12":0,"13":0,"14":0,"15":0,"16":0,"17":0,"18":0,"19":0,"20":0,"21":0,"22":0,"23":1,"24":0,"25":0,"26":0,"27":0,"28":0,"29":0,"30":0,"31":0,"32":0,"33":1,"34":0,"35":0,"36":0,"37":0,"38":0},"f":{"0":0,"1":0,"2":0,"3":0},"b":{"0":[0,0],"1":[0,0],"2":[0,0],"3":[0,0],"4":[0,0],"5":[0,0]},"_coverageSchema":"1a1c01bbd47fc00a2c39e90264f33305004495a9","hash":"97f61b849bdd79fdeec13a13f8342f54cf8e9da9"}
,"I:\\ICogLabs\\book-reservation-backend-training\\middleware\\admin.js": {"path":"I:\\ICogLabs\\book-reservation-backend-training\\middleware\\admin.js","statementMap":{"0":{"start":{"line":1,"column":0},"end":{"line":6,"column":4}},"1":{"start":{"line":2,"column":4},"end":{"line":4,"column":5}},"2":{"start":{"line":3,"column":6},"end":{"line":3,"column":77}},"3":{"start":{"line":5,"column":4},"end":{"line":5,"column":11}}},"fnMap":{"0":{"name":"(anonymous_0)","decl":{"start":{"line":1,"column":17},"end":{"line":1,"column":18}},"loc":{"start":{"line":1,"column":42},"end":{"line":6,"column":3}},"line":1}},"branchMap":{"0":{"loc":{"start":{"line":2,"column":4},"end":{"line":4,"column":5}},"type":"if","locations":[{"start":{"line":2,"column":4},"end":{"line":4,"column":5}},{"start":{},"end":{}}],"line":2}},"s":{"0":1,"1":0,"2":0,"3":0},"f":{"0":0},"b":{"0":[0,0]},"_coverageSchema":"1a1c01bbd47fc00a2c39e90264f33305004495a9","hash":"351eeeb34fcc6f199781980a92f4de3e15ecd0b8"}
,"I:\\ICogLabs\\book-reservation-backend-training\\middleware\\auth.js": {"path":"I:\\ICogLabs\\book-reservation-backend-training\\middleware\\auth.js","statementMap":{"0":{"start":{"line":1,"column":12},"end":{"line":1,"column":35}},"1":{"start":{"line":2,"column":15},"end":{"line":2,"column":44}},"2":{"start":{"line":4,"column":0},"end":{"line":16,"column":2}},"3":{"start":{"line":5,"column":16},"end":{"line":5,"column":42}},"4":{"start":{"line":6,"column":2},"end":{"line":6,"column":89}},"5":{"start":{"line":6,"column":14},"end":{"line":6,"column":89}},"6":{"start":{"line":8,"column":2},"end":{"line":15,"column":3}},"7":{"start":{"line":9,"column":20},"end":{"line":9,"column":52}},"8":{"start":{"line":10,"column":4},"end":{"line":10,"column":28}},"9":{"start":{"line":11,"column":4},"end":{"line":11,"column":11}},"10":{"start":{"line":13,"column":4},"end":{"line":13,"column":61}},"11":{"start":{"line":14,"column":4},"end":{"line":14,"column":15}}},"fnMap":{"0":{"name":"(anonymous_0)","decl":{"start":{"line":4,"column":17},"end":{"line":4,"column":18}},"loc":{"start":{"line":4,"column":42},"end":{"line":16,"column":1}},"line":4}},"branchMap":{"0":{"loc":{"start":{"line":6,"column":2},"end":{"line":6,"column":89}},"type":"if","locations":[{"start":{"line":6,"column":2},"end":{"line":6,"column":89}},{"start":{},"end":{}}],"line":6}},"s":{"0":1,"1":1,"2":1,"3":0,"4":0,"5":0,"6":0,"7":0,"8":0,"9":0,"10":0,"11":0},"f":{"0":0},"b":{"0":[0,0]},"_coverageSchema":"1a1c01bbd47fc00a2c39e90264f33305004495a9","hash":"dcb0d5fb34ad3898af13525cc7b9792d1b679143"}
,"I:\\ICogLabs\\book-reservation-backend-training\\models\\Book.js": {"path":"I:\\ICogLabs\\book-reservation-backend-training\\models\\Book.js","statementMap":{"0":{"start":{"line":1,"column":17},"end":{"line":1,"column":36}},"1":{"start":{"line":3,"column":19},"end":{"line":8,"column":2}},"2":{"start":{"line":10,"column":0},"end":{"line":10,"column":52}}},"fnMap":{},"branchMap":{},"s":{"0":1,"1":1,"2":1},"f":{},"b":{},"_coverageSchema":"1a1c01bbd47fc00a2c39e90264f33305004495a9","hash":"b6354edde33c90df1701e889963bbdf89888610c"}
,"I:\\ICogLabs\\book-reservation-backend-training\\models\\Notification.js": {"path":"I:\\ICogLabs\\book-reservation-backend-training\\models\\Notification.js","statementMap":{"0":{"start":{"line":1,"column":17},"end":{"line":1,"column":36}},"1":{"start":{"line":3,"column":27},"end":{"line":9,"column":2}},"2":{"start":{"line":11,"column":0},"end":{"line":11,"column":68}}},"fnMap":{},"branchMap":{},"s":{"0":1,"1":1,"2":1},"f":{},"b":{},"_coverageSchema":"1a1c01bbd47fc00a2c39e90264f33305004495a9","hash":"2ca3db7c102ea1b78e9a498521bf07613648798d"}
,"I:\\ICogLabs\\book-reservation-backend-training\\models\\Reservation.js": {"path":"I:\\ICogLabs\\book-reservation-backend-training\\models\\Reservation.js","statementMap":{"0":{"start":{"line":1,"column":17},"end":{"line":1,"column":36}},"1":{"start":{"line":3,"column":26},"end":{"line":9,"column":2}},"2":{"start":{"line":11,"column":0},"end":{"line":11,"column":66}}},"fnMap":{},"branchMap":{},"s":{"0":1,"1":1,"2":1},"f":{},"b":{},"_coverageSchema":"1a1c01bbd47fc00a2c39e90264f33305004495a9","hash":"4a50de28efce9698b9d1193f27f2d70a9b860d8a"}
,"I:\\ICogLabs\\book-reservation-backend-training\\models\\User.js": {"path":"I:\\ICogLabs\\book-reservation-backend-training\\models\\User.js","statementMap":{"0":{"start":{"line":1,"column":17},"end":{"line":1,"column":36}},"1":{"start":{"line":2,"column":15},"end":{"line":2,"column":34}},"2":{"start":{"line":4,"column":19},"end":{"line":11,"column":2}},"3":{"start":{"line":13,"column":0},"end":{"line":18,"column":3}},"4":{"start":{"line":14,"column":2},"end":{"line":16,"column":3}},"5":{"start":{"line":15,"column":4},"end":{"line":15,"column":56}},"6":{"start":{"line":17,"column":2},"end":{"line":17,"column":9}},"7":{"start":{"line":20,"column":0},"end":{"line":20,"column":52}}},"fnMap":{"0":{"name":"(anonymous_0)","decl":{"start":{"line":13,"column":23},"end":{"line":13,"column":24}},"loc":{"start":{"line":13,"column":44},"end":{"line":18,"column":1}},"line":13}},"branchMap":{"0":{"loc":{"start":{"line":14,"column":2},"end":{"line":16,"column":3}},"type":"if","locations":[{"start":{"line":14,"column":2},"end":{"line":16,"column":3}},{"start":{},"end":{}}],"line":14}},"s":{"0":1,"1":1,"2":1,"3":1,"4":0,"5":0,"6":0,"7":1},"f":{"0":0},"b":{"0":[0,0]},"_coverageSchema":"1a1c01bbd47fc00a2c39e90264f33305004495a9","hash":"88055ba3a2965b3f46f9a25cb1bd8c9684710728"}
,"I:\\ICogLabs\\book-reservation-backend-training\\routes\\auth.js": {"path":"I:\\ICogLabs\\book-reservation-backend-training\\routes\\auth.js","statementMap":{"0":{"start":{"line":1,"column":16},"end":{"line":1,"column":34}},"1":{"start":{"line":2,"column":15},"end":{"line":2,"column":31}},"2":{"start":{"line":3,"column":28},"end":{"line":3,"column":68}},"3":{"start":{"line":5,"column":0},"end":{"line":5,"column":35}},"4":{"start":{"line":6,"column":0},"end":{"line":6,"column":29}},"5":{"start":{"line":8,"column":0},"end":{"line":8,"column":24}}},"fnMap":{},"branchMap":{},"s":{"0":1,"1":1,"2":1,"3":1,"4":1,"5":1},"f":{},"b":{},"_coverageSchema":"1a1c01bbd47fc00a2c39e90264f33305004495a9","hash":"700a02ec96a6c7a9b0238ef34d3ea14d69c14716"}
,"I:\\ICogLabs\\book-reservation-backend-training\\routes\\books.js": {"path":"I:\\ICogLabs\\book-reservation-backend-training\\routes\\books.js","statementMap":{"0":{"start":{"line":1,"column":16},"end":{"line":1,"column":34}},"1":{"start":{"line":2,"column":15},"end":{"line":2,"column":31}},"2":{"start":{"line":3,"column":51},"end":{"line":3,"column":91}},"3":{"start":{"line":4,"column":13},"end":{"line":4,"column":42}},"4":{"start":{"line":5,"column":14},"end":{"line":5,"column":44}},"5":{"start":{"line":7,"column":0},"end":{"line":7,"column":26}},"6":{"start":{"line":8,"column":0},"end":{"line":8,"column":28}},"7":{"start":{"line":9,"column":0},"end":{"line":9,"column":41}},"8":{"start":{"line":10,"column":0},"end":{"line":10,"column":46}},"9":{"start":{"line":12,"column":0},"end":{"line":12,"column":24}}},"fnMap":{},"branchMap":{},"s":{"0":1,"1":1,"2":1,"3":1,"4":1,"5":1,"6":1,"7":1,"8":1,"9":1},"f":{},"b":{},"_coverageSchema":"1a1c01bbd47fc00a2c39e90264f33305004495a9","hash":"16be1424dfd0bf714f672e1a2c76b51446a27488"}
,"I:\\ICogLabs\\book-reservation-backend-training\\routes\\notifications.js": {"path":"I:\\ICogLabs\\book-reservation-backend-training\\routes\\notifications.js","statementMap":{"0":{"start":{"line":1,"column":16},"end":{"line":1,"column":34}},"1":{"start":{"line":2,"column":15},"end":{"line":2,"column":31}},"2":{"start":{"line":3,"column":29},"end":{"line":3,"column":77}},"3":{"start":{"line":4,"column":13},"end":{"line":4,"column":42}},"4":{"start":{"line":6,"column":0},"end":{"line":6,"column":40}},"5":{"start":{"line":8,"column":0},"end":{"line":8,"column":24}}},"fnMap":{},"branchMap":{},"s":{"0":1,"1":1,"2":1,"3":1,"4":1,"5":1},"f":{},"b":{},"_coverageSchema":"1a1c01bbd47fc00a2c39e90264f33305004495a9","hash":"9d3e523e9ce6a2dcc39411587e146fa693d9ddf9"}
,"I:\\ICogLabs\\book-reservation-backend-training\\routes\\reservations.js": {"path":"I:\\ICogLabs\\book-reservation-backend-training\\routes\\reservations.js","statementMap":{"0":{"start":{"line":1,"column":16},"end":{"line":1,"column":34}},"1":{"start":{"line":2,"column":15},"end":{"line":2,"column":31}},"2":{"start":{"line":3,"column":88},"end":{"line":3,"column":135}},"3":{"start":{"line":4,"column":13},"end":{"line":4,"column":42}},"4":{"start":{"line":5,"column":14},"end":{"line":5,"column":44}},"5":{"start":{"line":7,"column":0},"end":{"line":7,"column":42}},"6":{"start":{"line":8,"column":0},"end":{"line":8,"column":48}},"7":{"start":{"line":9,"column":0},"end":{"line":9,"column":41}},"8":{"start":{"line":10,"column":0},"end":{"line":10,"column":59}},"9":{"start":{"line":12,"column":0},"end":{"line":12,"column":24}}},"fnMap":{},"branchMap":{},"s":{"0":1,"1":1,"2":1,"3":1,"4":1,"5":1,"6":1,"7":1,"8":1,"9":1},"f":{},"b":{},"_coverageSchema":"1a1c01bbd47fc00a2c39e90264f33305004495a9","hash":"7fc984932390e43586d81e598561db7ad3541eb0"}
,"I:\\ICogLabs\\book-reservation-backend-training\\routes\\users.js": {"path":"I:\\ICogLabs\\book-reservation-backend-training\\routes\\users.js","statementMap":{"0":{"start":{"line":1,"column":16},"end":{"line":1,"column":34}},"1":{"start":{"line":2,"column":15},"end":{"line":2,"column":31}},"2":{"start":{"line":8,"column":4},"end":{"line":8,"column":44}},"3":{"start":{"line":9,"column":13},"end":{"line":9,"column":42}},"4":{"start":{"line":10,"column":14},"end":{"line":10,"column":44}},"5":{"start":{"line":13,"column":0},"end":{"line":13,"column":44}},"6":{"start":{"line":16,"column":0},"end":{"line":16,"column":34}},"7":{"start":{"line":19,"column":0},"end":{"line":19,"column":37}},"8":{"start":{"line":22,"column":0},"end":{"line":22,"column":55}},"9":{"start":{"line":24,"column":0},"end":{"line":24,"column":24}}},"fnMap":{},"branchMap":{},"s":{"0":1,"1":1,"2":1,"3":1,"4":1,"5":1,"6":1,"7":1,"8":1,"9":1},"f":{},"b":{},"_coverageSchema":"1a1c01bbd47fc00a2c39e90264f33305004495a9","hash":"cb3d8259b81ecc5baf359169ac4260d79fc97e1c"}
,"I:\\ICogLabs\\book-reservation-backend-training\\utils\\notificationUtils.js": {"path":"I:\\ICogLabs\\book-reservation-backend-training\\utils\\notificationUtils.js","statementMap":{"0":{"start":{"line":1,"column":21},"end":{"line":1,"column":54}},"1":{"start":{"line":2,"column":13},"end":{"line":2,"column":38}},"2":{"start":{"line":4,"column":0},"end":{"line":15,"column":2}},"3":{"start":{"line":5,"column":2},"end":{"line":14,"column":3}},"4":{"start":{"line":6,"column":25},"end":{"line":10,"column":6}},"5":{"start":{"line":11,"column":4},"end":{"line":11,"column":30}},"6":{"start":{"line":13,"column":4},"end":{"line":13,"column":55}},"7":{"start":{"line":17,"column":0},"end":{"line":26,"column":2}},"8":{"start":{"line":18,"column":2},"end":{"line":25,"column":3}},"9":{"start":{"line":19,"column":19},"end":{"line":19,"column":53}},"10":{"start":{"line":20,"column":4},"end":{"line":22,"column":5}},"11":{"start":{"line":21,"column":6},"end":{"line":21,"column":62}},"12":{"start":{"line":24,"column":4},"end":{"line":24,"column":50}}},"fnMap":{"0":{"name":"(anonymous_0)","decl":{"start":{"line":4,"column":29},"end":{"line":4,"column":30}},"loc":{"start":{"line":4,"column":62},"end":{"line":15,"column":1}},"line":4},"1":{"name":"(anonymous_1)","decl":{"start":{"line":17,"column":23},"end":{"line":17,"column":24}},"loc":{"start":{"line":17,"column":48},"end":{"line":26,"column":1}},"line":17}},"branchMap":{},"s":{"0":1,"1":1,"2":1,"3":0,"4":0,"5":0,"6":0,"7":1,"8":0,"9":0,"10":0,"11":0,"12":0},"f":{"0":0,"1":0},"b":{},"_coverageSchema":"1a1c01bbd47fc00a2c39e90264f33305004495a9","hash":"476671a9827270c9dee029984a4f0210c2c0e0a1"}
}
